<?xml version="1.0" encoding="UTF-8"?>
<beans xmlns="http://www.springframework.org/schema/beans"
	   xmlns:xsi="http://www.w3.org/2001/XMLSchema-instance"
	   xsi:schemaLocation="http://www.springframework.org/schema/beans http://www.springframework.org/schema/beans/spring-beans-4.3.xsd">

	<!--  Med denne kan du sjekke om den har fått beskjed om å sende mail -->
	<bean id="mailSender" class="no.goodtech.vaadin.tabs.status.common.MyMailSender"/>

</beans>
